This is pdfeTeX, Version 3.141592-1.30.4-2.2 (Web2C 7.5.5) (format=pdflatex 2006.11.10)  17 AUG 2008 22:13
entering extended mode
\write18 enabled.
**devdoc.tex
(./devdoc.tex
LaTeX2e <2003/12/01>
Babel <v3.8d> and hyphenation patterns for american, french, german, ngerman, b
ahasa, basque, bulgarian, catalan, croatian, czech, danish, dutch, esperanto, e
stonian, finnish, greek, icelandic, irish, italian, latin, magyar, norsk, polis
h, portuges, romanian, russian, serbian, slovak, slovene, spanish, swedish, tur
kish, ukrainian, nohyphenation, loaded.
(/usr/local/teTeX/share/texmf.tetex/tex/latex/base/report.cls
Document Class: report 2004/02/16 v1.4f Standard LaTeX document class
(/usr/local/teTeX/share/texmf.tetex/tex/latex/base/size11.clo
File: size11.clo 2004/02/16 v1.4f Standard LaTeX file (size option)
)
\c@part=\count79
\c@chapter=\count80
\c@section=\count81
\c@subsection=\count82
\c@subsubsection=\count83
\c@paragraph=\count84
\c@subparagraph=\count85
\c@figure=\count86
\c@table=\count87
\abovecaptionskip=\skip41
\belowcaptionskip=\skip42
\bibindent=\dimen102
)
(/usr/local/teTeX/share/texmf.tetex/tex/latex/graphics/graphicx.sty
Package: graphicx 1999/02/16 v1.0f Enhanced LaTeX Graphics (DPC,SPQR)

(/usr/local/teTeX/share/texmf.tetex/tex/latex/graphics/keyval.sty
Package: keyval 1999/03/16 v1.13 key=value parser (DPC)
\KV@toks@=\toks14
)
(/usr/local/teTeX/share/texmf.tetex/tex/latex/graphics/graphics.sty
Package: graphics 2001/07/07 v1.0n Standard LaTeX Graphics (DPC,SPQR)

(/usr/local/teTeX/share/texmf.tetex/tex/latex/graphics/trig.sty
Package: trig 1999/03/16 v1.09 sin cos tan (DPC)
)
(/usr/local/teTeX/share/texmf.tetex/tex/latex/graphics/graphics.cfg
File: graphics.cfg 2005/02/03 v1.3 graphics configuration of teTeX/TeXLive
)
Package graphics Info: Driver file: pdftex.def on input line 80.

(/usr/local/teTeX/share/texmf.tetex/tex/latex/graphics/pdftex.def
File: pdftex.def 2002/06/19 v0.03k graphics/color for pdftex
\Gread@gobject=\count88
))
\Gin@req@height=\dimen103
\Gin@req@width=\dimen104
)
(/usr/local/teTeX/share/texmf.tetex/tex/latex/amsfonts/amssymb.sty
Package: amssymb 2002/01/22 v2.2d

(/usr/local/teTeX/share/texmf.tetex/tex/latex/amsfonts/amsfonts.sty
Package: amsfonts 2001/10/25 v2.2f
\@emptytoks=\toks15
\symAMSa=\mathgroup4
\symAMSb=\mathgroup5
LaTeX Font Info:    Overwriting math alphabet `\mathfrak' in version `bold'
(Font)                  U/euf/m/n --> U/euf/b/n on input line 132.
))
(./devdoc.aux (./meshds.aux) (./biblio.aux))
\openout1 = `devdoc.aux'.

LaTeX Font Info:    Checking defaults for OML/cmm/m/it on input line 20.
LaTeX Font Info:    ... okay on input line 20.
LaTeX Font Info:    Checking defaults for T1/cmr/m/n on input line 20.
LaTeX Font Info:    ... okay on input line 20.
LaTeX Font Info:    Checking defaults for OT1/cmr/m/n on input line 20.
LaTeX Font Info:    ... okay on input line 20.
LaTeX Font Info:    Checking defaults for OMS/cmsy/m/n on input line 20.
LaTeX Font Info:    ... okay on input line 20.
LaTeX Font Info:    Checking defaults for OMX/cmex/m/n on input line 20.
LaTeX Font Info:    ... okay on input line 20.
LaTeX Font Info:    Checking defaults for U/cmr/m/n on input line 20.
LaTeX Font Info:    ... okay on input line 20.

(/usr/local/teTeX/share/texmf.tetex/tex/context/base/supp-pdf.tex
(/usr/local/teTeX/share/texmf.tetex/tex/context/base/supp-mis.tex
loading : Context Support Macros / Miscellaneous (2004.10.26)
\protectiondepth=\count89
\scratchcounter=\count90
\scratchtoks=\toks16
\scratchdimen=\dimen105
\scratchskip=\skip43
\scratchmuskip=\muskip10
\scratchbox=\box26
\scratchread=\read1
\scratchwrite=\write3
\zeropoint=\dimen106
\onepoint=\dimen107
\onebasepoint=\dimen108
\minusone=\count91
\thousandpoint=\dimen109
\onerealpoint=\dimen110
\emptytoks=\toks17
\nextbox=\box27
\nextdepth=\dimen111
\everyline=\toks18
\!!counta=\count92
\!!countb=\count93
\recursecounter=\count94
)
loading : Context Support Macros / PDF (2004.03.26)
\nofMPsegments=\count95
\nofMParguments=\count96
\MPscratchCnt=\count97
\MPscratchDim=\dimen112
\MPnumerator=\count98
\everyMPtoPDFconversion=\toks19
)
LaTeX Font Info:    Try loading font information for U+msa on input line 24.
 (/usr/local/teTeX/share/texmf.tetex/tex/latex/amsfonts/umsa.fd
File: umsa.fd 2002/01/19 v2.2g AMS font definitions
)
LaTeX Font Info:    Try loading font information for U+msb on input line 24.

(/usr/local/teTeX/share/texmf.tetex/tex/latex/amsfonts/umsb.fd
File: umsb.fd 2002/01/19 v2.2g AMS font definitions
) [1

{/usr/local/teTeX/share/texmf.local/fonts/map/pdftex/updmap/pdftex.map}] [1] (.
/devdoc.toc)
\tf@toc=\write4
\openout4 = `devdoc.toc'.


[1

]
\openout2 = `meshds.aux'.

 (./meshds.tex
Chapter 1.
LaTeX Font Info:    Try loading font information for OMS+cmr on input line 8.
(/usr/local/teTeX/share/texmf.tetex/tex/latex/base/omscmr.fd
File: omscmr.fd 1999/05/25 v2.5h Standard LaTeX font definitions
)
LaTeX Font Info:    Font shape `OMS/cmr/m/n' in size <10.95> not available
(Font)              Font shape `OMS/cmsy/m/n' tried instead on input line 8.
 [2


]

LaTeX Warning: Reference `fig:shellface-tetrahedron' on page 3 undefined on inp
ut line 33.

<../figs/triang-edge-ds.pdf, id=44, 299.1175pt x 243.91125pt>
File: ../figs/triang-edge-ds.pdf Graphic file (type pdf)

<use ../figs/triang-edge-ds.pdf> [3]
<../figs/tetrahedron-based.pdf, id=48, 298.11375pt x 279.0425pt>
File: ../figs/tetrahedron-based.pdf Graphic file (type pdf)

<use ../figs/tetrahedron-based.pdf> [4 <../figs/triang-edge-ds.pdf>]
<../figs/face-versions.pdf, id=64, 442.65375pt x 159.59625pt>
File: ../figs/face-versions.pdf Graphic file (type pdf)

<use ../figs/face-versions.pdf>
<../figs/triface-f0.pdf, id=65, 269.005pt x 244.915pt>
File: ../figs/triface-f0.pdf Graphic file (type pdf)

<use ../figs/triface-f0.pdf>
<../figs/triface-f1.pdf, id=66, 269.005pt x 244.915pt>
File: ../figs/triface-f1.pdf Graphic file (type pdf)

<use ../figs/triface-f1.pdf>
<../figs/triface-f2.pdf, id=67, 269.005pt x 244.915pt>
File: ../figs/triface-f2.pdf Graphic file (type pdf)

<use ../figs/triface-f2.pdf>
<../figs/triface-f3.pdf, id=68, 269.005pt x 244.915pt>
File: ../figs/triface-f3.pdf Graphic file (type pdf)

<use ../figs/triface-f3.pdf>
<../figs/fnext-base.pdf, id=69, 431.6125pt x 222.8325pt>
File: ../figs/fnext-base.pdf Graphic file (type pdf)

<use ../figs/fnext-base.pdf>
Overfull \hbox (2.68588pt too wide) in paragraph at lines 130--131
[]\OT1/cmr/m/n/10.95 The mesh data struc-tures ad-di-tion-ally store ge-o-met-r
ic in-for-ma-tions which
 []

) [5 <../figs/tetrahedron-based.pdf>] [6 <../figs/face-versions.pdf> <../figs/t
riface-f0.pdf> <../figs/triface-f1.pdf> <../figs/triface-f2.pdf> <../figs/trifa
ce-f3.pdf>] [7 <../figs/fnext-base.pdf>]
\openout2 = `biblio.aux'.


No file biblio.tex.
(./devdoc.aux (./meshds.aux) (./biblio.aux))

LaTeX Warning: There were undefined references.

 ) 
Here is how much of TeX's memory you used:
 1312 strings out of 94424
 16488 string characters out of 1172362
 2058029 words of memory out of 4509675
 4518 multiletter control sequences out of 10000+50000
 13256 words of font info for 50 fonts, out of 2000000 for 2000
 582 hyphenation exceptions out of 5000
 25i,11n,24p,479b,285s stack positions out of 5000i,500n,6000p,200000b,40000s
PDF statistics:
 150 PDF objects out of 300000
 0 named destinations out of 131072
 41 words of extra memory for PDF output out of 10000
</usr/local/teTeX/share/texmf.tetex/fonts/type1/bluesky/cm/cmr8.pfb></usr/loc
al/teTeX/share/texmf.tetex/fonts/type1/bluesky/cm/cmti10.pfb></usr/local/teTeX/
share/texmf.tetex/fonts/type1/bluesky/cm/cmsy10.pfb></usr/local/teTeX/share/tex
mf.tetex/fonts/type1/bluesky/cm/cmmi10.pfb></usr/local/teTeX/share/texmf.tetex/
fonts/type1/bluesky/cm/cmbx12.pfb></usr/local/teTeX/share/texmf.tetex/fonts/typ
e1/bluesky/cm/cmtt10.pfb></usr/local/teTeX/share/texmf.tetex/fonts/type1/bluesk
y/cm/cmr10.pfb></usr/local/teTeX/share/texmf.tetex/fonts/type1/bluesky/cm/cmbx1
0.pfb></usr/local/teTeX/share/texmf.tetex/fonts/type1/bluesky/cm/cmr12.pfb></us
r/local/teTeX/share/texmf.tetex/fonts/type1/bluesky/cm/cmr17.pfb></usr/local/te
TeX/share/texmf.tetex/fonts/type1/bluesky/cm/cmtt12.pfb>
Output written on devdoc.pdf (9 pages, 110641 bytes).
